[0.118s] DEBUG:colcon:Command line arguments: ['/usr/bin/colcon', 'build']
[0.118s] DEBUG:colcon:Parsed command line arguments: Namespace(log_base=None, log_level=None, verb_name='build', build_base='build', install_base='install', merge_install=False, symlink_install=False, test_result_base=None, continue_on_error=False, executor='parallel', parallel_workers=12, event_handlers=None, ignore_user_meta=False, metas=['./colcon.meta'], base_paths=['.'], packages_ignore=None, packages_ignore_regex=None, paths=None, packages_up_to=None, packages_up_to_regex=None, packages_above=None, packages_above_and_dependencies=None, packages_above_depth=None, packages_select_by_dep=None, packages_skip_by_dep=None, packages_skip_up_to=None, packages_select_build_failed=False, packages_skip_build_finished=False, packages_select_test_failures=False, packages_skip_test_passed=False, packages_select=None, packages_skip=None, packages_select_regex=None, packages_skip_regex=None, packages_start=None, packages_end=None, allow_overriding=[], cmake_args=None, cmake_target=None, cmake_target_skip_unavailable=False, cmake_clean_cache=False, cmake_clean_first=False, cmake_force_configure=False, ament_cmake_args=None, catkin_cmake_args=None, catkin_skip_building_tests=False, mixin_files=None, mixin=None, verb_parser=<colcon_mixin.mixin.mixin_argument.MixinArgumentDecorator object at 0x7cb91ab9df40>, verb_extension=<colcon_core.verb.build.BuildVerb object at 0x7cb91ab9db80>, main=<bound method BuildVerb.main of <colcon_core.verb.build.BuildVerb object at 0x7cb91ab9db80>>, mixin_verb=('build',))
[0.156s] Level 1:colcon.colcon_core.package_discovery:discover_packages(colcon_meta) check parameters
[0.156s] Level 1:colcon.colcon_core.package_discovery:discover_packages(recursive) check parameters
[0.156s] Level 1:colcon.colcon_core.package_discovery:discover_packages(ignore) check parameters
[0.156s] Level 1:colcon.colcon_core.package_discovery:discover_packages(path) check parameters
[0.156s] Level 1:colcon.colcon_core.package_discovery:discover_packages(colcon_meta) discover
[0.156s] Level 1:colcon.colcon_core.package_discovery:discover_packages(recursive) discover
[0.156s] INFO:colcon.colcon_core.package_discovery:Crawling recursively for packages in '/home/sachin/Downloads/sensors_and_perception'
[0.156s] Level 1:colcon.colcon_core.package_identification:_identify(.) by extensions ['ignore', 'ignore_ament_install']
[0.156s] Level 1:colcon.colcon_core.package_identification:_identify(.) by extension 'ignore'
[0.156s] Level 1:colcon.colcon_core.package_identification:_identify(.) by extension 'ignore_ament_install'
[0.156s] Level 1:colcon.colcon_core.package_identification:_identify(.) by extensions ['colcon_pkg']
[0.156s] Level 1:colcon.colcon_core.package_identification:_identify(.) by extension 'colcon_pkg'
[0.156s] Level 1:colcon.colcon_core.package_identification:_identify(.) by extensions ['colcon_meta']
[0.156s] Level 1:colcon.colcon_core.package_identification:_identify(.) by extension 'colcon_meta'
[0.156s] Level 1:colcon.colcon_core.package_identification:_identify(.) by extensions ['ros']
[0.156s] Level 1:colcon.colcon_core.package_identification:_identify(.) by extension 'ros'
[0.176s] Level 1:colcon.colcon_core.package_identification:_identify(.) by extensions ['cmake', 'python']
[0.176s] Level 1:colcon.colcon_core.package_identification:_identify(.) by extension 'cmake'
[0.176s] Level 1:colcon.colcon_core.package_identification:_identify(.) by extension 'python'
[0.176s] Level 1:colcon.colcon_core.package_identification:_identify(.) by extensions ['python_setup_py']
[0.176s] Level 1:colcon.colcon_core.package_identification:_identify(.) by extension 'python_setup_py'
[0.176s] Level 1:colcon.colcon_core.package_identification:_identify(build) by extensions ['ignore', 'ignore_ament_install']
[0.176s] Level 1:colcon.colcon_core.package_identification:_identify(build) by extension 'ignore'
[0.176s] Level 1:colcon.colcon_core.package_identification:_identify(build) ignored
[0.176s] Level 1:colcon.colcon_core.package_identification:_identify(install) by extensions ['ignore', 'ignore_ament_install']
[0.176s] Level 1:colcon.colcon_core.package_identification:_identify(install) by extension 'ignore'
[0.176s] Level 1:colcon.colcon_core.package_identification:_identify(install) ignored
[0.176s] Level 1:colcon.colcon_core.package_identification:_identify(log) by extensions ['ignore', 'ignore_ament_install']
[0.176s] Level 1:colcon.colcon_core.package_identification:_identify(log) by extension 'ignore'
[0.176s] Level 1:colcon.colcon_core.package_identification:_identify(log) ignored
[0.176s] Level 1:colcon.colcon_core.package_identification:_identify(src) by extensions ['ignore', 'ignore_ament_install']
[0.176s] Level 1:colcon.colcon_core.package_identification:_identify(src) by extension 'ignore'
[0.176s] Level 1:colcon.colcon_core.package_identification:_identify(src) by extension 'ignore_ament_install'
[0.176s] Level 1:colcon.colcon_core.package_identification:_identify(src) by extensions ['colcon_pkg']
[0.176s] Level 1:colcon.colcon_core.package_identification:_identify(src) by extension 'colcon_pkg'
[0.176s] Level 1:colcon.colcon_core.package_identification:_identify(src) by extensions ['colcon_meta']
[0.176s] Level 1:colcon.colcon_core.package_identification:_identify(src) by extension 'colcon_meta'
[0.176s] Level 1:colcon.colcon_core.package_identification:_identify(src) by extensions ['ros']
[0.176s] Level 1:colcon.colcon_core.package_identification:_identify(src) by extension 'ros'
[0.176s] Level 1:colcon.colcon_core.package_identification:_identify(src) by extensions ['cmake', 'python']
[0.176s] Level 1:colcon.colcon_core.package_identification:_identify(src) by extension 'cmake'
[0.176s] Level 1:colcon.colcon_core.package_identification:_identify(src) by extension 'python'
[0.177s] Level 1:colcon.colcon_core.package_identification:_identify(src) by extensions ['python_setup_py']
[0.177s] Level 1:colcon.colcon_core.package_identification:_identify(src) by extension 'python_setup_py'
[0.177s] Level 1:colcon.colcon_core.package_identification:_identify(src/erc_gazebo_sensors) by extensions ['ignore', 'ignore_ament_install']
[0.177s] Level 1:colcon.colcon_core.package_identification:_identify(src/erc_gazebo_sensors) by extension 'ignore'
[0.177s] Level 1:colcon.colcon_core.package_identification:_identify(src/erc_gazebo_sensors) by extension 'ignore_ament_install'
[0.177s] Level 1:colcon.colcon_core.package_identification:_identify(src/erc_gazebo_sensors) by extensions ['colcon_pkg']
[0.177s] Level 1:colcon.colcon_core.package_identification:_identify(src/erc_gazebo_sensors) by extension 'colcon_pkg'
[0.177s] Level 1:colcon.colcon_core.package_identification:_identify(src/erc_gazebo_sensors) by extensions ['colcon_meta']
[0.177s] Level 1:colcon.colcon_core.package_identification:_identify(src/erc_gazebo_sensors) by extension 'colcon_meta'
[0.177s] Level 1:colcon.colcon_core.package_identification:_identify(src/erc_gazebo_sensors) by extensions ['ros']
[0.177s] Level 1:colcon.colcon_core.package_identification:_identify(src/erc_gazebo_sensors) by extension 'ros'
[0.179s] DEBUG:colcon.colcon_core.package_identification:Package 'src/erc_gazebo_sensors' with type 'ros.ament_cmake' and name 'erc_gazebo_sensors'
[0.179s] Level 1:colcon.colcon_core.package_identification:_identify(src/trajectory_server) by extensions ['ignore', 'ignore_ament_install']
[0.179s] Level 1:colcon.colcon_core.package_identification:_identify(src/trajectory_server) by extension 'ignore'
[0.179s] Level 1:colcon.colcon_core.package_identification:_identify(src/trajectory_server) by extension 'ignore_ament_install'
[0.179s] Level 1:colcon.colcon_core.package_identification:_identify(src/trajectory_server) by extensions ['colcon_pkg']
[0.179s] Level 1:colcon.colcon_core.package_identification:_identify(src/trajectory_server) by extension 'colcon_pkg'
[0.179s] Level 1:colcon.colcon_core.package_identification:_identify(src/trajectory_server) by extensions ['colcon_meta']
[0.179s] Level 1:colcon.colcon_core.package_identification:_identify(src/trajectory_server) by extension 'colcon_meta'
[0.179s] Level 1:colcon.colcon_core.package_identification:_identify(src/trajectory_server) by extensions ['ros']
[0.179s] Level 1:colcon.colcon_core.package_identification:_identify(src/trajectory_server) by extension 'ros'
[0.179s] DEBUG:colcon.colcon_core.package_identification:Package 'src/trajectory_server' with type 'ros.ament_python' and name 'trajectory_server'
[0.179s] Level 1:colcon.colcon_core.package_discovery:discover_packages(recursive) using defaults
[0.179s] Level 1:colcon.colcon_core.package_discovery:discover_packages(ignore) discover
[0.179s] Level 1:colcon.colcon_core.package_discovery:discover_packages(ignore) using defaults
[0.179s] Level 1:colcon.colcon_core.package_discovery:discover_packages(path) discover
[0.179s] Level 1:colcon.colcon_core.package_discovery:discover_packages(path) using defaults
[0.197s] Level 1:colcon.colcon_core.package_discovery:discover_packages(prefix_path) check parameters
[0.197s] Level 1:colcon.colcon_core.package_discovery:discover_packages(prefix_path) discover
[0.200s] DEBUG:colcon.colcon_installed_package_information.package_discovery:Found 545 installed packages in /opt/ros/jazzy
[0.202s] Level 1:colcon.colcon_core.package_discovery:discover_packages(prefix_path) using defaults
[0.251s] Level 5:colcon.colcon_core.verb:set package 'erc_gazebo_sensors' build argument 'cmake_args' from command line to 'None'
[0.251s] Level 5:colcon.colcon_core.verb:set package 'erc_gazebo_sensors' build argument 'cmake_target' from command line to 'None'
[0.251s] Level 5:colcon.colcon_core.verb:set package 'erc_gazebo_sensors' build argument 'cmake_target_skip_unavailable' from command line to 'False'
[0.251s] Level 5:colcon.colcon_core.verb:set package 'erc_gazebo_sensors' build argument 'cmake_clean_cache' from command line to 'False'
[0.251s] Level 5:colcon.colcon_core.verb:set package 'erc_gazebo_sensors' build argument 'cmake_clean_first' from command line to 'False'
[0.251s] Level 5:colcon.colcon_core.verb:set package 'erc_gazebo_sensors' build argument 'cmake_force_configure' from command line to 'False'
[0.251s] Level 5:colcon.colcon_core.verb:set package 'erc_gazebo_sensors' build argument 'ament_cmake_args' from command line to 'None'
[0.251s] Level 5:colcon.colcon_core.verb:set package 'erc_gazebo_sensors' build argument 'catkin_cmake_args' from command line to 'None'
[0.251s] Level 5:colcon.colcon_core.verb:set package 'erc_gazebo_sensors' build argument 'catkin_skip_building_tests' from command line to 'False'
[0.252s] DEBUG:colcon.colcon_core.verb:Building package 'erc_gazebo_sensors' with the following arguments: {'ament_cmake_args': None, 'build_base': '/home/sachin/Downloads/sensors_and_perception/build/erc_gazebo_sensors', 'catkin_cmake_args': None, 'catkin_skip_building_tests': False, 'cmake_args': None, 'cmake_clean_cache': False, 'cmake_clean_first': False, 'cmake_force_configure': False, 'cmake_target': None, 'cmake_target_skip_unavailable': False, 'install_base': '/home/sachin/Downloads/sensors_and_perception/install/erc_gazebo_sensors', 'merge_install': False, 'path': '/home/sachin/Downloads/sensors_and_perception/src/erc_gazebo_sensors', 'symlink_install': False, 'test_result_base': None}
[0.252s] Level 5:colcon.colcon_core.verb:set package 'trajectory_server' build argument 'cmake_args' from command line to 'None'
[0.252s] Level 5:colcon.colcon_core.verb:set package 'trajectory_server' build argument 'cmake_target' from command line to 'None'
[0.252s] Level 5:colcon.colcon_core.verb:set package 'trajectory_server' build argument 'cmake_target_skip_unavailable' from command line to 'False'
[0.252s] Level 5:colcon.colcon_core.verb:set package 'trajectory_server' build argument 'cmake_clean_cache' from command line to 'False'
[0.252s] Level 5:colcon.colcon_core.verb:set package 'trajectory_server' build argument 'cmake_clean_first' from command line to 'False'
[0.252s] Level 5:colcon.colcon_core.verb:set package 'trajectory_server' build argument 'cmake_force_configure' from command line to 'False'
[0.252s] Level 5:colcon.colcon_core.verb:set package 'trajectory_server' build argument 'ament_cmake_args' from command line to 'None'
[0.252s] Level 5:colcon.colcon_core.verb:set package 'trajectory_server' build argument 'catkin_cmake_args' from command line to 'None'
[0.252s] Level 5:colcon.colcon_core.verb:set package 'trajectory_server' build argument 'catkin_skip_building_tests' from command line to 'False'
[0.252s] DEBUG:colcon.colcon_core.verb:Building package 'trajectory_server' with the following arguments: {'ament_cmake_args': None, 'build_base': '/home/sachin/Downloads/sensors_and_perception/build/trajectory_server', 'catkin_cmake_args': None, 'catkin_skip_building_tests': False, 'cmake_args': None, 'cmake_clean_cache': False, 'cmake_clean_first': False, 'cmake_force_configure': False, 'cmake_target': None, 'cmake_target_skip_unavailable': False, 'install_base': '/home/sachin/Downloads/sensors_and_perception/install/trajectory_server', 'merge_install': False, 'path': '/home/sachin/Downloads/sensors_and_perception/src/trajectory_server', 'symlink_install': False, 'test_result_base': None}
[0.252s] INFO:colcon.colcon_core.executor:Executing jobs using 'parallel' executor
[0.253s] DEBUG:colcon.colcon_parallel_executor.executor.parallel:run_until_complete
[0.253s] INFO:colcon.colcon_ros.task.ament_cmake.build:Building ROS package in '/home/sachin/Downloads/sensors_and_perception/src/erc_gazebo_sensors' with build type 'ament_cmake'
[0.253s] INFO:colcon.colcon_cmake.task.cmake.build:Building CMake package in '/home/sachin/Downloads/sensors_and_perception/src/erc_gazebo_sensors'
[0.258s] INFO:colcon.colcon_core.plugin_system:Skipping extension 'colcon_core.shell.bat': Not used on non-Windows systems
[0.258s] INFO:colcon.colcon_core.shell:Skip shell extension 'powershell' for command environment: Not usable outside of PowerShell
[0.258s] DEBUG:colcon.colcon_core.shell:Skip shell extension 'dsv' for command environment
[0.262s] INFO:colcon.colcon_ros.task.ament_python.build:Building ROS package in '/home/sachin/Downloads/sensors_and_perception/src/trajectory_server' with build type 'ament_python'
[0.263s] Level 1:colcon.colcon_core.shell:create_environment_hook('trajectory_server', 'ament_prefix_path')
[0.263s] INFO:colcon.colcon_core.shell:Creating environment hook '/home/sachin/Downloads/sensors_and_perception/install/trajectory_server/share/trajectory_server/hook/ament_prefix_path.ps1'
[0.264s] INFO:colcon.colcon_core.shell:Creating environment descriptor '/home/sachin/Downloads/sensors_and_perception/install/trajectory_server/share/trajectory_server/hook/ament_prefix_path.dsv'
[0.264s] INFO:colcon.colcon_core.shell:Creating environment hook '/home/sachin/Downloads/sensors_and_perception/install/trajectory_server/share/trajectory_server/hook/ament_prefix_path.sh'
[0.265s] INFO:colcon.colcon_core.shell:Skip shell extension 'powershell' for command environment: Not usable outside of PowerShell
[0.265s] DEBUG:colcon.colcon_core.shell:Skip shell extension 'dsv' for command environment
[0.272s] DEBUG:colcon.colcon_core.event_handler.log_command:Invoking command in '/home/sachin/Downloads/sensors_and_perception/build/erc_gazebo_sensors': CMAKE_PREFIX_PATH=${CMAKE_PREFIX_PATH}:/opt/ros/jazzy DEBUGINFOD_URLS=https://debuginfod.ubuntu.com PS1=(.ros2_venv) \[\e]0;\u@\h: \w\a\]${debian_chroot:+($debian_chroot)}\[\033[01;32m\]\u@\h\[\033[00m\]:\[\033[01;34m\]\w\[\033[00m\]\$ VIRTUAL_ENV_PROMPT=(.ros2_venv) /usr/bin/cmake /home/sachin/Downloads/sensors_and_perception/src/erc_gazebo_sensors -DCMAKE_INSTALL_PREFIX=/home/sachin/Downloads/sensors_and_perception/install/erc_gazebo_sensors
[0.413s] INFO:colcon.colcon_core.task.python.build:Building Python package in '/home/sachin/Downloads/sensors_and_perception/src/trajectory_server'
[0.413s] INFO:colcon.colcon_core.shell:Skip shell extension 'powershell' for command environment: Not usable outside of PowerShell
[0.413s] DEBUG:colcon.colcon_core.shell:Skip shell extension 'dsv' for command environment
[0.949s] DEBUG:colcon.colcon_core.event_handler.log_command:Invoking command in '/home/sachin/Downloads/sensors_and_perception/src/trajectory_server': DEBUGINFOD_URLS=https://debuginfod.ubuntu.com PS1=(.ros2_venv) \[\e]0;\u@\h: \w\a\]${debian_chroot:+($debian_chroot)}\[\033[01;32m\]\u@\h\[\033[00m\]:\[\033[01;34m\]\w\[\033[00m\]\$ PYTHONPATH=/home/sachin/Downloads/sensors_and_perception/build/trajectory_server/prefix_override:/usr/lib/python3/dist-packages/colcon_core/task/python/colcon_distutils_commands:/home/sachin/Downloads/sensors_and_perception/install/trajectory_server/lib/python3.12/site-packages:${PYTHONPATH} VIRTUAL_ENV_PROMPT=(.ros2_venv) /usr/bin/python3 -W ignore:setup.py install is deprecated -W ignore:easy_install command is deprecated setup.py egg_info --egg-base ../../build/trajectory_server build --build-base /home/sachin/Downloads/sensors_and_perception/build/trajectory_server/build install --record /home/sachin/Downloads/sensors_and_perception/build/trajectory_server/install.log --single-version-externally-managed install_data
[1.031s] DEBUG:colcon.colcon_core.event_handler.log_command:Invoked command in '/home/sachin/Downloads/sensors_and_perception/build/erc_gazebo_sensors' returned '0': CMAKE_PREFIX_PATH=${CMAKE_PREFIX_PATH}:/opt/ros/jazzy DEBUGINFOD_URLS=https://debuginfod.ubuntu.com PS1=(.ros2_venv) \[\e]0;\u@\h: \w\a\]${debian_chroot:+($debian_chroot)}\[\033[01;32m\]\u@\h\[\033[00m\]:\[\033[01;34m\]\w\[\033[00m\]\$ VIRTUAL_ENV_PROMPT=(.ros2_venv) /usr/bin/cmake /home/sachin/Downloads/sensors_and_perception/src/erc_gazebo_sensors -DCMAKE_INSTALL_PREFIX=/home/sachin/Downloads/sensors_and_perception/install/erc_gazebo_sensors
[1.032s] DEBUG:colcon.colcon_core.event_handler.log_command:Invoking command in '/home/sachin/Downloads/sensors_and_perception/build/erc_gazebo_sensors': CMAKE_PREFIX_PATH=${CMAKE_PREFIX_PATH}:/opt/ros/jazzy DEBUGINFOD_URLS=https://debuginfod.ubuntu.com PS1=(.ros2_venv) \[\e]0;\u@\h: \w\a\]${debian_chroot:+($debian_chroot)}\[\033[01;32m\]\u@\h\[\033[00m\]:\[\033[01;34m\]\w\[\033[00m\]\$ VIRTUAL_ENV_PROMPT=(.ros2_venv) /usr/bin/cmake --build /home/sachin/Downloads/sensors_and_perception/build/erc_gazebo_sensors -- -j12 -l12
[1.066s] DEBUG:colcon.colcon_core.event_handler.log_command:Invoked command in '/home/sachin/Downloads/sensors_and_perception/build/erc_gazebo_sensors' returned '0': CMAKE_PREFIX_PATH=${CMAKE_PREFIX_PATH}:/opt/ros/jazzy DEBUGINFOD_URLS=https://debuginfod.ubuntu.com PS1=(.ros2_venv) \[\e]0;\u@\h: \w\a\]${debian_chroot:+($debian_chroot)}\[\033[01;32m\]\u@\h\[\033[00m\]:\[\033[01;34m\]\w\[\033[00m\]\$ VIRTUAL_ENV_PROMPT=(.ros2_venv) /usr/bin/cmake --build /home/sachin/Downloads/sensors_and_perception/build/erc_gazebo_sensors -- -j12 -l12
[1.072s] DEBUG:colcon.colcon_core.event_handler.log_command:Invoking command in '/home/sachin/Downloads/sensors_and_perception/build/erc_gazebo_sensors': CMAKE_PREFIX_PATH=${CMAKE_PREFIX_PATH}:/opt/ros/jazzy DEBUGINFOD_URLS=https://debuginfod.ubuntu.com PS1=(.ros2_venv) \[\e]0;\u@\h: \w\a\]${debian_chroot:+($debian_chroot)}\[\033[01;32m\]\u@\h\[\033[00m\]:\[\033[01;34m\]\w\[\033[00m\]\$ VIRTUAL_ENV_PROMPT=(.ros2_venv) /usr/bin/cmake --install /home/sachin/Downloads/sensors_and_perception/build/erc_gazebo_sensors
[1.083s] Level 1:colcon.colcon_core.environment:create_environment_scripts_only(erc_gazebo_sensors)
[1.083s] DEBUG:colcon.colcon_core.event_handler.log_command:Invoked command in '/home/sachin/Downloads/sensors_and_perception/build/erc_gazebo_sensors' returned '0': CMAKE_PREFIX_PATH=${CMAKE_PREFIX_PATH}:/opt/ros/jazzy DEBUGINFOD_URLS=https://debuginfod.ubuntu.com PS1=(.ros2_venv) \[\e]0;\u@\h: \w\a\]${debian_chroot:+($debian_chroot)}\[\033[01;32m\]\u@\h\[\033[00m\]:\[\033[01;34m\]\w\[\033[00m\]\$ VIRTUAL_ENV_PROMPT=(.ros2_venv) /usr/bin/cmake --install /home/sachin/Downloads/sensors_and_perception/build/erc_gazebo_sensors
[1.086s] Level 1:colcon.colcon_core.environment:checking '/home/sachin/Downloads/sensors_and_perception/install/erc_gazebo_sensors' for CMake module files
[1.086s] Level 1:colcon.colcon_core.environment:checking '/home/sachin/Downloads/sensors_and_perception/install/erc_gazebo_sensors' for CMake config files
[1.087s] Level 1:colcon.colcon_core.shell:create_environment_hook('erc_gazebo_sensors', 'cmake_prefix_path')
[1.087s] INFO:colcon.colcon_core.shell:Creating environment hook '/home/sachin/Downloads/sensors_and_perception/install/erc_gazebo_sensors/share/erc_gazebo_sensors/hook/cmake_prefix_path.ps1'
[1.087s] INFO:colcon.colcon_core.shell:Creating environment descriptor '/home/sachin/Downloads/sensors_and_perception/install/erc_gazebo_sensors/share/erc_gazebo_sensors/hook/cmake_prefix_path.dsv'
[1.087s] INFO:colcon.colcon_core.shell:Creating environment hook '/home/sachin/Downloads/sensors_and_perception/install/erc_gazebo_sensors/share/erc_gazebo_sensors/hook/cmake_prefix_path.sh'
[1.088s] Level 1:colcon.colcon_core.environment:checking '/home/sachin/Downloads/sensors_and_perception/install/erc_gazebo_sensors/bin'
[1.088s] Level 1:colcon.colcon_core.environment:checking '/home/sachin/Downloads/sensors_and_perception/install/erc_gazebo_sensors/lib/pkgconfig/erc_gazebo_sensors.pc'
[1.088s] Level 1:colcon.colcon_core.environment:checking '/home/sachin/Downloads/sensors_and_perception/install/erc_gazebo_sensors/lib/python3.12/site-packages'
[1.088s] Level 1:colcon.colcon_core.environment:checking '/home/sachin/Downloads/sensors_and_perception/install/erc_gazebo_sensors/bin'
[1.088s] INFO:colcon.colcon_core.shell:Creating package script '/home/sachin/Downloads/sensors_and_perception/install/erc_gazebo_sensors/share/erc_gazebo_sensors/package.ps1'
[1.089s] INFO:colcon.colcon_core.shell:Creating package descriptor '/home/sachin/Downloads/sensors_and_perception/install/erc_gazebo_sensors/share/erc_gazebo_sensors/package.dsv'
[1.089s] INFO:colcon.colcon_core.shell:Creating package script '/home/sachin/Downloads/sensors_and_perception/install/erc_gazebo_sensors/share/erc_gazebo_sensors/package.sh'
[1.090s] INFO:colcon.colcon_core.shell:Creating package script '/home/sachin/Downloads/sensors_and_perception/install/erc_gazebo_sensors/share/erc_gazebo_sensors/package.bash'
[1.090s] INFO:colcon.colcon_core.shell:Creating package script '/home/sachin/Downloads/sensors_and_perception/install/erc_gazebo_sensors/share/erc_gazebo_sensors/package.zsh'
[1.090s] Level 1:colcon.colcon_core.environment:create_file_with_runtime_dependencies(/home/sachin/Downloads/sensors_and_perception/install/erc_gazebo_sensors/share/colcon-core/packages/erc_gazebo_sensors)
[1.091s] Level 1:colcon.colcon_core.environment:create_environment_scripts_only(erc_gazebo_sensors)
[1.091s] Level 1:colcon.colcon_core.environment:checking '/home/sachin/Downloads/sensors_and_perception/install/erc_gazebo_sensors' for CMake module files
[1.091s] Level 1:colcon.colcon_core.environment:checking '/home/sachin/Downloads/sensors_and_perception/install/erc_gazebo_sensors' for CMake config files
[1.091s] Level 1:colcon.colcon_core.shell:create_environment_hook('erc_gazebo_sensors', 'cmake_prefix_path')
[1.091s] INFO:colcon.colcon_core.shell:Creating environment hook '/home/sachin/Downloads/sensors_and_perception/install/erc_gazebo_sensors/share/erc_gazebo_sensors/hook/cmake_prefix_path.ps1'
[1.091s] INFO:colcon.colcon_core.shell:Creating environment descriptor '/home/sachin/Downloads/sensors_and_perception/install/erc_gazebo_sensors/share/erc_gazebo_sensors/hook/cmake_prefix_path.dsv'
[1.091s] INFO:colcon.colcon_core.shell:Creating environment hook '/home/sachin/Downloads/sensors_and_perception/install/erc_gazebo_sensors/share/erc_gazebo_sensors/hook/cmake_prefix_path.sh'
[1.092s] Level 1:colcon.colcon_core.environment:checking '/home/sachin/Downloads/sensors_and_perception/install/erc_gazebo_sensors/bin'
[1.092s] Level 1:colcon.colcon_core.environment:checking '/home/sachin/Downloads/sensors_and_perception/install/erc_gazebo_sensors/lib/pkgconfig/erc_gazebo_sensors.pc'
[1.092s] Level 1:colcon.colcon_core.environment:checking '/home/sachin/Downloads/sensors_and_perception/install/erc_gazebo_sensors/lib/python3.12/site-packages'
[1.092s] Level 1:colcon.colcon_core.environment:checking '/home/sachin/Downloads/sensors_and_perception/install/erc_gazebo_sensors/bin'
[1.092s] INFO:colcon.colcon_core.shell:Creating package script '/home/sachin/Downloads/sensors_and_perception/install/erc_gazebo_sensors/share/erc_gazebo_sensors/package.ps1'
[1.093s] INFO:colcon.colcon_core.shell:Creating package descriptor '/home/sachin/Downloads/sensors_and_perception/install/erc_gazebo_sensors/share/erc_gazebo_sensors/package.dsv'
[1.093s] INFO:colcon.colcon_core.shell:Creating package script '/home/sachin/Downloads/sensors_and_perception/install/erc_gazebo_sensors/share/erc_gazebo_sensors/package.sh'
[1.093s] INFO:colcon.colcon_core.shell:Creating package script '/home/sachin/Downloads/sensors_and_perception/install/erc_gazebo_sensors/share/erc_gazebo_sensors/package.bash'
[1.093s] INFO:colcon.colcon_core.shell:Creating package script '/home/sachin/Downloads/sensors_and_perception/install/erc_gazebo_sensors/share/erc_gazebo_sensors/package.zsh'
[1.093s] Level 1:colcon.colcon_core.environment:create_file_with_runtime_dependencies(/home/sachin/Downloads/sensors_and_perception/install/erc_gazebo_sensors/share/colcon-core/packages/erc_gazebo_sensors)
[1.292s] Level 1:colcon.colcon_core.environment:checking '/home/sachin/Downloads/sensors_and_perception/install/trajectory_server' for CMake module files
[1.292s] DEBUG:colcon.colcon_core.event_handler.log_command:Invoked command in '/home/sachin/Downloads/sensors_and_perception/src/trajectory_server' returned '0': DEBUGINFOD_URLS=https://debuginfod.ubuntu.com PS1=(.ros2_venv) \[\e]0;\u@\h: \w\a\]${debian_chroot:+($debian_chroot)}\[\033[01;32m\]\u@\h\[\033[00m\]:\[\033[01;34m\]\w\[\033[00m\]\$ PYTHONPATH=/home/sachin/Downloads/sensors_and_perception/build/trajectory_server/prefix_override:/usr/lib/python3/dist-packages/colcon_core/task/python/colcon_distutils_commands:/home/sachin/Downloads/sensors_and_perception/install/trajectory_server/lib/python3.12/site-packages:${PYTHONPATH} VIRTUAL_ENV_PROMPT=(.ros2_venv) /usr/bin/python3 -W ignore:setup.py install is deprecated -W ignore:easy_install command is deprecated setup.py egg_info --egg-base ../../build/trajectory_server build --build-base /home/sachin/Downloads/sensors_and_perception/build/trajectory_server/build install --record /home/sachin/Downloads/sensors_and_perception/build/trajectory_server/install.log --single-version-externally-managed install_data
[1.293s] Level 1:colcon.colcon_core.environment:checking '/home/sachin/Downloads/sensors_and_perception/install/trajectory_server' for CMake config files
[1.293s] Level 1:colcon.colcon_core.environment:checking '/home/sachin/Downloads/sensors_and_perception/install/trajectory_server/lib'
[1.293s] Level 1:colcon.colcon_core.environment:checking '/home/sachin/Downloads/sensors_and_perception/install/trajectory_server/bin'
[1.293s] Level 1:colcon.colcon_core.environment:checking '/home/sachin/Downloads/sensors_and_perception/install/trajectory_server/lib/pkgconfig/trajectory_server.pc'
[1.293s] Level 1:colcon.colcon_core.environment:checking '/home/sachin/Downloads/sensors_and_perception/install/trajectory_server/lib/python3.12/site-packages'
[1.293s] Level 1:colcon.colcon_core.shell:create_environment_hook('trajectory_server', 'pythonpath')
[1.293s] INFO:colcon.colcon_core.shell:Creating environment hook '/home/sachin/Downloads/sensors_and_perception/install/trajectory_server/share/trajectory_server/hook/pythonpath.ps1'
[1.294s] INFO:colcon.colcon_core.shell:Creating environment descriptor '/home/sachin/Downloads/sensors_and_perception/install/trajectory_server/share/trajectory_server/hook/pythonpath.dsv'
[1.294s] INFO:colcon.colcon_core.shell:Creating environment hook '/home/sachin/Downloads/sensors_and_perception/install/trajectory_server/share/trajectory_server/hook/pythonpath.sh'
[1.294s] Level 1:colcon.colcon_core.environment:checking '/home/sachin/Downloads/sensors_and_perception/install/trajectory_server/bin'
[1.294s] Level 1:colcon.colcon_core.environment:create_environment_scripts_only(trajectory_server)
[1.294s] INFO:colcon.colcon_core.shell:Creating package script '/home/sachin/Downloads/sensors_and_perception/install/trajectory_server/share/trajectory_server/package.ps1'
[1.295s] INFO:colcon.colcon_core.shell:Creating package descriptor '/home/sachin/Downloads/sensors_and_perception/install/trajectory_server/share/trajectory_server/package.dsv'
[1.295s] INFO:colcon.colcon_core.shell:Creating package script '/home/sachin/Downloads/sensors_and_perception/install/trajectory_server/share/trajectory_server/package.sh'
[1.295s] INFO:colcon.colcon_core.shell:Creating package script '/home/sachin/Downloads/sensors_and_perception/install/trajectory_server/share/trajectory_server/package.bash'
[1.295s] INFO:colcon.colcon_core.shell:Creating package script '/home/sachin/Downloads/sensors_and_perception/install/trajectory_server/share/trajectory_server/package.zsh'
[1.295s] Level 1:colcon.colcon_core.environment:create_file_with_runtime_dependencies(/home/sachin/Downloads/sensors_and_perception/install/trajectory_server/share/colcon-core/packages/trajectory_server)
[1.296s] DEBUG:colcon.colcon_parallel_executor.executor.parallel:closing loop
[1.296s] DEBUG:colcon.colcon_parallel_executor.executor.parallel:loop closed
[1.296s] DEBUG:colcon.colcon_parallel_executor.executor.parallel:run_until_complete finished with '0'
[1.296s] DEBUG:colcon.colcon_core.event_reactor:joining thread
[1.308s] INFO:colcon.colcon_core.plugin_system:Skipping extension 'colcon_notification.desktop_notification.terminal_notifier': Not used on non-Darwin systems
[1.308s] INFO:colcon.colcon_core.plugin_system:Skipping extension 'colcon_notification.desktop_notification.win32': Not used on non-Windows systems
[1.308s] INFO:colcon.colcon_notification.desktop_notification:Sending desktop notification using 'notify2'
[1.318s] DEBUG:colcon.colcon_core.event_reactor:joined thread
[1.318s] INFO:colcon.colcon_core.shell:Creating prefix script '/home/sachin/Downloads/sensors_and_perception/install/local_setup.ps1'
[1.318s] INFO:colcon.colcon_core.shell:Creating prefix util module '/home/sachin/Downloads/sensors_and_perception/install/_local_setup_util_ps1.py'
[1.319s] INFO:colcon.colcon_core.shell:Creating prefix chain script '/home/sachin/Downloads/sensors_and_perception/install/setup.ps1'
[1.320s] INFO:colcon.colcon_core.shell:Creating prefix script '/home/sachin/Downloads/sensors_and_perception/install/local_setup.sh'
[1.320s] INFO:colcon.colcon_core.shell:Creating prefix util module '/home/sachin/Downloads/sensors_and_perception/install/_local_setup_util_sh.py'
[1.320s] INFO:colcon.colcon_core.shell:Creating prefix chain script '/home/sachin/Downloads/sensors_and_perception/install/setup.sh'
[1.321s] INFO:colcon.colcon_core.shell:Creating prefix script '/home/sachin/Downloads/sensors_and_perception/install/local_setup.bash'
[1.321s] INFO:colcon.colcon_core.shell:Creating prefix chain script '/home/sachin/Downloads/sensors_and_perception/install/setup.bash'
[1.322s] INFO:colcon.colcon_core.shell:Creating prefix script '/home/sachin/Downloads/sensors_and_perception/install/local_setup.zsh'
[1.322s] INFO:colcon.colcon_core.shell:Creating prefix chain script '/home/sachin/Downloads/sensors_and_perception/install/setup.zsh'
