[0.019s] Invoking command in '/home/sachin/Downloads/sensors_and_perception/build/erc_gazebo_sensors': CMAKE_PREFIX_PATH=${CMAKE_PREFIX_PATH}:/opt/ros/jazzy DEBUGINFOD_URLS=https://debuginfod.ubuntu.com PS1=(.ros2_venv) \[\e]0;\u@\h: \w\a\]${debian_chroot:+($debian_chroot)}\[\033[01;32m\]\u@\h\[\033[00m\]:\[\033[01;34m\]\w\[\033[00m\]\$ VIRTUAL_ENV_PROMPT=(.ros2_venv) /usr/bin/cmake /home/sachin/Downloads/sensors_and_perception/src/erc_gazebo_sensors -DCMAKE_INSTALL_PREFIX=/home/sachin/Downloads/sensors_and_perception/install/erc_gazebo_sensors
[0.169s] -- The C compiler identification is GNU 13.3.0
[0.270s] -- The CXX compiler identification is GNU 13.3.0
[0.288s] -- Detecting C compiler ABI info
[0.371s] -- Detecting C compiler ABI info - done
[0.376s] -- Check for working C compiler: /usr/bin/cc - skipped
[0.377s] -- Detecting C compile features
[0.377s] -- Detecting C compile features - done
[0.385s] -- Detecting CXX compiler ABI info
[0.465s] -- Detecting CXX compiler ABI info - done
[0.472s] -- Check for working CXX compiler: /usr/bin/c++ - skipped
[0.472s] -- Detecting CXX compile features
[0.472s] -- Detecting CXX compile features - done
[0.479s] -- Found ament_cmake: 2.5.6 (/opt/ros/jazzy/share/ament_cmake/cmake)
[0.571s] -- Found Python3: /home/sachin/.ros2_venv/bin/python3 (found version "3.12.3") found components: Interpreter 
[0.670s] -- Found ament_lint_auto: 0.17.5 (/opt/ros/jazzy/share/ament_lint_auto/cmake)
[0.766s] -- Added test 'flake8' to check Python code syntax and style conventions
[0.766s] -- Configured 'flake8' exclude dirs and/or files: 
[0.766s] -- Added test 'lint_cmake' to check CMake code style
[0.767s] -- Added test 'pep257' to check Python code against some of the docstring style conventions in PEP 257
[0.768s] -- Added test 'xmllint' to check XML markup files
[0.769s] -- Configuring done (0.7s)
[0.771s] -- Generating done (0.0s)
[0.773s] -- Build files have been written to: /home/sachin/Downloads/sensors_and_perception/build/erc_gazebo_sensors
[0.778s] Invoked command in '/home/sachin/Downloads/sensors_and_perception/build/erc_gazebo_sensors' returned '0': CMAKE_PREFIX_PATH=${CMAKE_PREFIX_PATH}:/opt/ros/jazzy DEBUGINFOD_URLS=https://debuginfod.ubuntu.com PS1=(.ros2_venv) \[\e]0;\u@\h: \w\a\]${debian_chroot:+($debian_chroot)}\[\033[01;32m\]\u@\h\[\033[00m\]:\[\033[01;34m\]\w\[\033[00m\]\$ VIRTUAL_ENV_PROMPT=(.ros2_venv) /usr/bin/cmake /home/sachin/Downloads/sensors_and_perception/src/erc_gazebo_sensors -DCMAKE_INSTALL_PREFIX=/home/sachin/Downloads/sensors_and_perception/install/erc_gazebo_sensors
[0.778s] Invoking command in '/home/sachin/Downloads/sensors_and_perception/build/erc_gazebo_sensors': CMAKE_PREFIX_PATH=${CMAKE_PREFIX_PATH}:/opt/ros/jazzy DEBUGINFOD_URLS=https://debuginfod.ubuntu.com PS1=(.ros2_venv) \[\e]0;\u@\h: \w\a\]${debian_chroot:+($debian_chroot)}\[\033[01;32m\]\u@\h\[\033[00m\]:\[\033[01;34m\]\w\[\033[00m\]\$ VIRTUAL_ENV_PROMPT=(.ros2_venv) /usr/bin/cmake --build /home/sachin/Downloads/sensors_and_perception/build/erc_gazebo_sensors -- -j12 -l12
[0.812s] Invoked command in '/home/sachin/Downloads/sensors_and_perception/build/erc_gazebo_sensors' returned '0': CMAKE_PREFIX_PATH=${CMAKE_PREFIX_PATH}:/opt/ros/jazzy DEBUGINFOD_URLS=https://debuginfod.ubuntu.com PS1=(.ros2_venv) \[\e]0;\u@\h: \w\a\]${debian_chroot:+($debian_chroot)}\[\033[01;32m\]\u@\h\[\033[00m\]:\[\033[01;34m\]\w\[\033[00m\]\$ VIRTUAL_ENV_PROMPT=(.ros2_venv) /usr/bin/cmake --build /home/sachin/Downloads/sensors_and_perception/build/erc_gazebo_sensors -- -j12 -l12
[0.819s] Invoking command in '/home/sachin/Downloads/sensors_and_perception/build/erc_gazebo_sensors': CMAKE_PREFIX_PATH=${CMAKE_PREFIX_PATH}:/opt/ros/jazzy DEBUGINFOD_URLS=https://debuginfod.ubuntu.com PS1=(.ros2_venv) \[\e]0;\u@\h: \w\a\]${debian_chroot:+($debian_chroot)}\[\033[01;32m\]\u@\h\[\033[00m\]:\[\033[01;34m\]\w\[\033[00m\]\$ VIRTUAL_ENV_PROMPT=(.ros2_venv) /usr/bin/cmake --install /home/sachin/Downloads/sensors_and_perception/build/erc_gazebo_sensors
[0.827s] -- Install configuration: ""
[0.827s] -- Installing: /home/sachin/Downloads/sensors_and_perception/install/erc_gazebo_sensors/share/erc_gazebo_sensors/launch
[0.827s] -- Installing: /home/sachin/Downloads/sensors_and_perception/install/erc_gazebo_sensors/share/erc_gazebo_sensors/launch/check_urdf.launch.py
[0.827s] -- Installing: /home/sachin/Downloads/sensors_and_perception/install/erc_gazebo_sensors/share/erc_gazebo_sensors/launch/spawn_robot.launch.py
[0.828s] -- Installing: /home/sachin/Downloads/sensors_and_perception/install/erc_gazebo_sensors/share/erc_gazebo_sensors/launch/world.launch.py
[0.828s] -- Installing: /home/sachin/Downloads/sensors_and_perception/install/erc_gazebo_sensors/share/erc_gazebo_sensors/worlds
[0.828s] -- Installing: /home/sachin/Downloads/sensors_and_perception/install/erc_gazebo_sensors/share/erc_gazebo_sensors/worlds/world.sdf
[0.828s] -- Installing: /home/sachin/Downloads/sensors_and_perception/install/erc_gazebo_sensors/share/erc_gazebo_sensors/worlds/new_home.sdf
[0.828s] -- Installing: /home/sachin/Downloads/sensors_and_perception/install/erc_gazebo_sensors/share/erc_gazebo_sensors/worlds/empty.sdf
[0.828s] -- Installing: /home/sachin/Downloads/sensors_and_perception/install/erc_gazebo_sensors/share/erc_gazebo_sensors/worlds/home.sdf
[0.828s] -- Installing: /home/sachin/Downloads/sensors_and_perception/install/erc_gazebo_sensors/share/erc_gazebo_sensors/rviz
[0.828s] -- Installing: /home/sachin/Downloads/sensors_and_perception/install/erc_gazebo_sensors/share/erc_gazebo_sensors/rviz/rviz.rviz
[0.828s] -- Installing: /home/sachin/Downloads/sensors_and_perception/install/erc_gazebo_sensors/share/erc_gazebo_sensors/rviz/urdf.rviz
[0.828s] -- Installing: /home/sachin/Downloads/sensors_and_perception/install/erc_gazebo_sensors/share/erc_gazebo_sensors/urdf
[0.828s] -- Installing: /home/sachin/Downloads/sensors_and_perception/install/erc_gazebo_sensors/share/erc_gazebo_sensors/urdf/erc_bot.gazebo
[0.828s] -- Installing: /home/sachin/Downloads/sensors_and_perception/install/erc_gazebo_sensors/share/erc_gazebo_sensors/urdf/erc_bot.urdf
[0.829s] -- Installing: /home/sachin/Downloads/sensors_and_perception/install/erc_gazebo_sensors/share/erc_gazebo_sensors/urdf/materials.xacro
[0.829s] -- Installing: /home/sachin/Downloads/sensors_and_perception/install/erc_gazebo_sensors/share/ament_index/resource_index/package_run_dependencies/erc_gazebo_sensors
[0.829s] -- Installing: /home/sachin/Downloads/sensors_and_perception/install/erc_gazebo_sensors/share/ament_index/resource_index/parent_prefix_path/erc_gazebo_sensors
[0.829s] -- Installing: /home/sachin/Downloads/sensors_and_perception/install/erc_gazebo_sensors/share/erc_gazebo_sensors/environment/ament_prefix_path.sh
[0.829s] -- Installing: /home/sachin/Downloads/sensors_and_perception/install/erc_gazebo_sensors/share/erc_gazebo_sensors/environment/ament_prefix_path.dsv
[0.829s] -- Installing: /home/sachin/Downloads/sensors_and_perception/install/erc_gazebo_sensors/share/erc_gazebo_sensors/environment/path.sh
[0.829s] -- Installing: /home/sachin/Downloads/sensors_and_perception/install/erc_gazebo_sensors/share/erc_gazebo_sensors/environment/path.dsv
[0.829s] -- Installing: /home/sachin/Downloads/sensors_and_perception/install/erc_gazebo_sensors/share/erc_gazebo_sensors/local_setup.bash
[0.829s] -- Installing: /home/sachin/Downloads/sensors_and_perception/install/erc_gazebo_sensors/share/erc_gazebo_sensors/local_setup.sh
[0.829s] -- Installing: /home/sachin/Downloads/sensors_and_perception/install/erc_gazebo_sensors/share/erc_gazebo_sensors/local_setup.zsh
[0.829s] -- Installing: /home/sachin/Downloads/sensors_and_perception/install/erc_gazebo_sensors/share/erc_gazebo_sensors/local_setup.dsv
[0.829s] -- Installing: /home/sachin/Downloads/sensors_and_perception/install/erc_gazebo_sensors/share/erc_gazebo_sensors/package.dsv
[0.829s] -- Installing: /home/sachin/Downloads/sensors_and_perception/install/erc_gazebo_sensors/share/ament_index/resource_index/packages/erc_gazebo_sensors
[0.830s] -- Installing: /home/sachin/Downloads/sensors_and_perception/install/erc_gazebo_sensors/share/erc_gazebo_sensors/cmake/erc_gazebo_sensorsConfig.cmake
[0.830s] -- Installing: /home/sachin/Downloads/sensors_and_perception/install/erc_gazebo_sensors/share/erc_gazebo_sensors/cmake/erc_gazebo_sensorsConfig-version.cmake
[0.830s] -- Installing: /home/sachin/Downloads/sensors_and_perception/install/erc_gazebo_sensors/share/erc_gazebo_sensors/package.xml
[0.830s] Invoked command in '/home/sachin/Downloads/sensors_and_perception/build/erc_gazebo_sensors' returned '0': CMAKE_PREFIX_PATH=${CMAKE_PREFIX_PATH}:/opt/ros/jazzy DEBUGINFOD_URLS=https://debuginfod.ubuntu.com PS1=(.ros2_venv) \[\e]0;\u@\h: \w\a\]${debian_chroot:+($debian_chroot)}\[\033[01;32m\]\u@\h\[\033[00m\]:\[\033[01;34m\]\w\[\033[00m\]\$ VIRTUAL_ENV_PROMPT=(.ros2_venv) /usr/bin/cmake --install /home/sachin/Downloads/sensors_and_perception/build/erc_gazebo_sensors
