[0.010s] Invoking command in '/home/sachin/Downloads/sensors_and_perception/build/erc_gazebo_sensors': CMAKE_PREFIX_PATH=${CMAKE_PREFIX_PATH}:/home/sachin/Downloads/sensors_and_perception/install/trajectory_server:/opt/ros/jazzy DEBUGINFOD_URLS=https://debuginfod.ubuntu.com PS1=(.ros2_venv) \[\e]0;\u@\h: \w\a\]${debian_chroot:+($debian_chroot)}\[\033[01;32m\]\u@\h\[\033[00m\]:\[\033[01;34m\]\w\[\033[00m\]\$ VIRTUAL_ENV_PROMPT=(.ros2_venv) /usr/bin/cmake --build /home/sachin/Downloads/sensors_and_perception/build/erc_gazebo_sensors -- -j12 -l12
[0.049s] Invoked command in '/home/sachin/Downloads/sensors_and_perception/build/erc_gazebo_sensors' returned '0': CMAKE_PREFIX_PATH=${CMAKE_PREFIX_PATH}:/home/sachin/Downloads/sensors_and_perception/install/trajectory_server:/opt/ros/jazzy DEBUGINFOD_URLS=https://debuginfod.ubuntu.com PS1=(.ros2_venv) \[\e]0;\u@\h: \w\a\]${debian_chroot:+($debian_chroot)}\[\033[01;32m\]\u@\h\[\033[00m\]:\[\033[01;34m\]\w\[\033[00m\]\$ VIRTUAL_ENV_PROMPT=(.ros2_venv) /usr/bin/cmake --build /home/sachin/Downloads/sensors_and_perception/build/erc_gazebo_sensors -- -j12 -l12
[0.064s] Invoking command in '/home/sachin/Downloads/sensors_and_perception/build/erc_gazebo_sensors': CMAKE_PREFIX_PATH=${CMAKE_PREFIX_PATH}:/home/sachin/Downloads/sensors_and_perception/install/trajectory_server:/opt/ros/jazzy DEBUGINFOD_URLS=https://debuginfod.ubuntu.com PS1=(.ros2_venv) \[\e]0;\u@\h: \w\a\]${debian_chroot:+($debian_chroot)}\[\033[01;32m\]\u@\h\[\033[00m\]:\[\033[01;34m\]\w\[\033[00m\]\$ VIRTUAL_ENV_PROMPT=(.ros2_venv) /usr/bin/cmake --install /home/sachin/Downloads/sensors_and_perception/build/erc_gazebo_sensors
[0.080s] -- Install configuration: ""
[0.081s] -- Up-to-date: /home/sachin/Downloads/sensors_and_perception/install/erc_gazebo_sensors/share/erc_gazebo_sensors/launch
[0.081s] -- Up-to-date: /home/sachin/Downloads/sensors_and_perception/install/erc_gazebo_sensors/share/erc_gazebo_sensors/launch/check_urdf.launch.py
[0.081s] -- Up-to-date: /home/sachin/Downloads/sensors_and_perception/install/erc_gazebo_sensors/share/erc_gazebo_sensors/launch/spawn_robot.launch.py
[0.081s] -- Up-to-date: /home/sachin/Downloads/sensors_and_perception/install/erc_gazebo_sensors/share/erc_gazebo_sensors/launch/world.launch.py
[0.082s] -- Up-to-date: /home/sachin/Downloads/sensors_and_perception/install/erc_gazebo_sensors/share/erc_gazebo_sensors/worlds
[0.082s] -- Up-to-date: /home/sachin/Downloads/sensors_and_perception/install/erc_gazebo_sensors/share/erc_gazebo_sensors/worlds/world.sdf
[0.082s] -- Up-to-date: /home/sachin/Downloads/sensors_and_perception/install/erc_gazebo_sensors/share/erc_gazebo_sensors/worlds/new_home.sdf
[0.082s] -- Up-to-date: /home/sachin/Downloads/sensors_and_perception/install/erc_gazebo_sensors/share/erc_gazebo_sensors/worlds/empty.sdf
[0.083s] -- Up-to-date: /home/sachin/Downloads/sensors_and_perception/install/erc_gazebo_sensors/share/erc_gazebo_sensors/worlds/home.sdf
[0.083s] -- Up-to-date: /home/sachin/Downloads/sensors_and_perception/install/erc_gazebo_sensors/share/erc_gazebo_sensors/rviz
[0.083s] -- Up-to-date: /home/sachin/Downloads/sensors_and_perception/install/erc_gazebo_sensors/share/erc_gazebo_sensors/rviz/rviz.rviz
[0.083s] -- Up-to-date: /home/sachin/Downloads/sensors_and_perception/install/erc_gazebo_sensors/share/erc_gazebo_sensors/rviz/urdf.rviz
[0.083s] -- Up-to-date: /home/sachin/Downloads/sensors_and_perception/install/erc_gazebo_sensors/share/erc_gazebo_sensors/urdf
[0.083s] -- Installing: /home/sachin/Downloads/sensors_and_perception/install/erc_gazebo_sensors/share/erc_gazebo_sensors/urdf/erc_bot.gazebo
[0.083s] -- Installing: /home/sachin/Downloads/sensors_and_perception/install/erc_gazebo_sensors/share/erc_gazebo_sensors/urdf/erc_bot.urdf
[0.084s] -- Up-to-date: /home/sachin/Downloads/sensors_and_perception/install/erc_gazebo_sensors/share/erc_gazebo_sensors/urdf/materials.xacro
[0.084s] -- Up-to-date: /home/sachin/Downloads/sensors_and_perception/install/erc_gazebo_sensors/share/ament_index/resource_index/package_run_dependencies/erc_gazebo_sensors
[0.084s] -- Up-to-date: /home/sachin/Downloads/sensors_and_perception/install/erc_gazebo_sensors/share/ament_index/resource_index/parent_prefix_path/erc_gazebo_sensors
[0.084s] -- Up-to-date: /home/sachin/Downloads/sensors_and_perception/install/erc_gazebo_sensors/share/erc_gazebo_sensors/environment/ament_prefix_path.sh
[0.084s] -- Up-to-date: /home/sachin/Downloads/sensors_and_perception/install/erc_gazebo_sensors/share/erc_gazebo_sensors/environment/ament_prefix_path.dsv
[0.084s] -- Up-to-date: /home/sachin/Downloads/sensors_and_perception/install/erc_gazebo_sensors/share/erc_gazebo_sensors/environment/path.sh
[0.084s] -- Up-to-date: /home/sachin/Downloads/sensors_and_perception/install/erc_gazebo_sensors/share/erc_gazebo_sensors/environment/path.dsv
[0.084s] -- Up-to-date: /home/sachin/Downloads/sensors_and_perception/install/erc_gazebo_sensors/share/erc_gazebo_sensors/local_setup.bash
[0.085s] -- Up-to-date: /home/sachin/Downloads/sensors_and_perception/install/erc_gazebo_sensors/share/erc_gazebo_sensors/local_setup.sh
[0.085s] -- Up-to-date: /home/sachin/Downloads/sensors_and_perception/install/erc_gazebo_sensors/share/erc_gazebo_sensors/local_setup.zsh
[0.085s] -- Up-to-date: /home/sachin/Downloads/sensors_and_perception/install/erc_gazebo_sensors/share/erc_gazebo_sensors/local_setup.dsv
[0.085s] -- Up-to-date: /home/sachin/Downloads/sensors_and_perception/install/erc_gazebo_sensors/share/erc_gazebo_sensors/package.dsv
[0.085s] -- Up-to-date: /home/sachin/Downloads/sensors_and_perception/install/erc_gazebo_sensors/share/ament_index/resource_index/packages/erc_gazebo_sensors
[0.085s] -- Up-to-date: /home/sachin/Downloads/sensors_and_perception/install/erc_gazebo_sensors/share/erc_gazebo_sensors/cmake/erc_gazebo_sensorsConfig.cmake
[0.085s] -- Up-to-date: /home/sachin/Downloads/sensors_and_perception/install/erc_gazebo_sensors/share/erc_gazebo_sensors/cmake/erc_gazebo_sensorsConfig-version.cmake
[0.085s] -- Up-to-date: /home/sachin/Downloads/sensors_and_perception/install/erc_gazebo_sensors/share/erc_gazebo_sensors/package.xml
[0.087s] Invoked command in '/home/sachin/Downloads/sensors_and_perception/build/erc_gazebo_sensors' returned '0': CMAKE_PREFIX_PATH=${CMAKE_PREFIX_PATH}:/home/sachin/Downloads/sensors_and_perception/install/trajectory_server:/opt/ros/jazzy DEBUGINFOD_URLS=https://debuginfod.ubuntu.com PS1=(.ros2_venv) \[\e]0;\u@\h: \w\a\]${debian_chroot:+($debian_chroot)}\[\033[01;32m\]\u@\h\[\033[00m\]:\[\033[01;34m\]\w\[\033[00m\]\$ VIRTUAL_ENV_PROMPT=(.ros2_venv) /usr/bin/cmake --install /home/sachin/Downloads/sensors_and_perception/build/erc_gazebo_sensors
